<?xml version="1.0" encoding="UTF-8"?>
<testng-results ignored="0" total="1" passed="0" failed="1" skipped="0">
  <reporter-output>
  </reporter-output>
  <suite started-at="2023-12-15T09:39:41 IST" name="Default suite" finished-at="2023-12-15T09:40:04 IST" duration-ms="23075">
    <groups>
    </groups>
    <test started-at="2023-12-15T09:39:41 IST" name="Default test" finished-at="2023-12-15T09:40:04 IST" duration-ms="23075">
      <class name="tests.Transfer_between_Accounts_Test">
        <test-method is-config="true" signature="InitalizeExtentReport()[pri:0, instance:tests.Transfer_between_Accounts_Test@c430e6c]" started-at="2023-12-15T09:39:41 IST" name="InitalizeExtentReport" finished-at="2023-12-15T09:39:41 IST" duration-ms="296" status="PASS">
          <reporter-output>
          </reporter-output>
        </test-method> <!-- InitalizeExtentReport -->
        <test-method is-config="true" signature="getnameMethod(org.testng.ITestContext)[pri:0, instance:tests.Transfer_between_Accounts_Test@c430e6c]" started-at="2023-12-15T09:39:41 IST" name="getnameMethod" finished-at="2023-12-15T09:39:41 IST" duration-ms="9" status="PASS">
          <params>
            <param index="0">
              <value>
                <![CDATA[org.testng.TestRunner@58eac00e]]>
              </value>
            </param>
          </params>
          <reporter-output>
          </reporter-output>
        </test-method> <!-- getnameMethod -->
        <test-method is-config="true" signature="getBrowser()[pri:0, instance:tests.Transfer_between_Accounts_Test@c430e6c]" started-at="2023-12-15T09:39:41 IST" name="getBrowser" finished-at="2023-12-15T09:39:50 IST" duration-ms="9533" status="PASS">
          <reporter-output>
          </reporter-output>
        </test-method> <!-- getBrowser -->
        <test-method is-config="true" signature="setup()[pri:0, instance:tests.Transfer_between_Accounts_Test@c430e6c]" started-at="2023-12-15T09:39:50 IST" name="setup" finished-at="2023-12-15T09:39:56 IST" duration-ms="5928" status="PASS">
          <reporter-output>
          </reporter-output>
        </test-method> <!-- setup -->
        <test-method signature="testTransfer()[pri:0, instance:tests.Transfer_between_Accounts_Test@c430e6c]" started-at="2023-12-15T09:39:56 IST" name="testTransfer" finished-at="2023-12-15T09:40:00 IST" duration-ms="3941" status="FAIL">
          <exception class="java.lang.AssertionError">
            <message>
              <![CDATA[Assert failed- Reading empty fields expected [false] but found [true]]]>
            </message>
            <full-stacktrace>
              <![CDATA[java.lang.AssertionError: Assert failed- Reading empty fields expected [false] but found [true]
at org.testng.Assert.fail(Assert.java:110)
at org.testng.Assert.failNotEquals(Assert.java:1577)
at org.testng.Assert.assertFalse(Assert.java:78)
at tests.Transfer_between_Accounts_Test.testTransfer(Transfer_between_Accounts_Test.java:33)
at java.base/jdk.internal.reflect.NativeMethodAccessorImpl.invoke0(Native Method)
at java.base/jdk.internal.reflect.NativeMethodAccessorImpl.invoke(NativeMethodAccessorImpl.java:77)
at java.base/jdk.internal.reflect.DelegatingMethodAccessorImpl.invoke(DelegatingMethodAccessorImpl.java:43)
at java.base/java.lang.reflect.Method.invoke(Method.java:568)
at org.testng.internal.invokers.MethodInvocationHelper.invokeMethod(MethodInvocationHelper.java:139)
at org.testng.internal.invokers.TestInvoker.invokeMethod(TestInvoker.java:677)
at org.testng.internal.invokers.TestInvoker.invokeTestMethod(TestInvoker.java:221)
at org.testng.internal.invokers.MethodRunner.runInSequence(MethodRunner.java:50)
at org.testng.internal.invokers.TestInvoker$MethodInvocationAgent.invoke(TestInvoker.java:969)
at org.testng.internal.invokers.TestInvoker.invokeTestMethods(TestInvoker.java:194)
at org.testng.internal.invokers.TestMethodWorker.invokeTestMethods(TestMethodWorker.java:148)
at org.testng.internal.invokers.TestMethodWorker.run(TestMethodWorker.java:128)
at java.base/java.util.ArrayList.forEach(ArrayList.java:1511)
at org.testng.TestRunner.privateRun(TestRunner.java:829)
at org.testng.TestRunner.run(TestRunner.java:602)
at org.testng.SuiteRunner.runTest(SuiteRunner.java:437)
at org.testng.SuiteRunner.runSequentially(SuiteRunner.java:431)
at org.testng.SuiteRunner.privateRun(SuiteRunner.java:391)
at org.testng.SuiteRunner.run(SuiteRunner.java:330)
at org.testng.SuiteRunnerWorker.runSuite(SuiteRunnerWorker.java:52)
at org.testng.SuiteRunnerWorker.run(SuiteRunnerWorker.java:95)
at org.testng.TestNG.runSuitesSequentially(TestNG.java:1256)
at org.testng.TestNG.runSuitesLocally(TestNG.java:1176)
at org.testng.TestNG.runSuites(TestNG.java:1099)
at org.testng.TestNG.run(TestNG.java:1067)
at org.testng.remote.AbstractRemoteTestNG.run(AbstractRemoteTestNG.java:115)
at org.testng.remote.RemoteTestNG.initAndRun(RemoteTestNG.java:251)
at org.testng.remote.RemoteTestNG.main(RemoteTestNG.java:77)
]]>
            </full-stacktrace>
          </exception> <!-- java.lang.AssertionError -->
          <reporter-output>
          </reporter-output>
        </test-method> <!-- testTransfer -->
        <test-method is-config="true" signature="logout()[pri:0, instance:tests.Transfer_between_Accounts_Test@c430e6c]" started-at="2023-12-15T09:40:00 IST" name="logout" finished-at="2023-12-15T09:40:04 IST" duration-ms="3400" status="PASS">
          <reporter-output>
          </reporter-output>
        </test-method> <!-- logout -->
        <test-method is-config="true" signature="generateTestStatus(java.lang.reflect.Method,org.testng.ITestResult)[pri:0, instance:tests.Transfer_between_Accounts_Test@c430e6c]" started-at="2023-12-15T09:40:04 IST" name="generateTestStatus" finished-at="2023-12-15T09:40:04 IST" duration-ms="14" status="PASS">
          <params>
            <param index="0">
              <value>
                <![CDATA[public void tests.Transfer_between_Accounts_Test.testTransfer()]]>
              </value>
            </param>
            <param index="1">
              <value>
                <![CDATA[[TestResult name=testTransfer status=FAILURE method=Transfer_between_Accounts_Test.testTransfer()[pri:0, instance:tests.Transfer_between_Accounts_Test@c430e6c] output={null}]]]>
              </value>
            </param>
          </params>
          <reporter-output>
          </reporter-output>
        </test-method> <!-- generateTestStatus -->
        <test-method is-config="true" signature="teardown()[pri:0, instance:tests.Transfer_between_Accounts_Test@c430e6c]" started-at="2023-12-15T09:40:04 IST" name="teardown" finished-at="2023-12-15T09:40:04 IST" duration-ms="210" status="PASS">
          <reporter-output>
          </reporter-output>
        </test-method> <!-- teardown -->
        <test-method is-config="true" signature="generateReports()[pri:0, instance:tests.Transfer_between_Accounts_Test@c430e6c]" started-at="2023-12-15T09:40:04 IST" name="generateReports" finished-at="2023-12-15T09:40:05 IST" duration-ms="784" status="PASS">
          <reporter-output>
          </reporter-output>
        </test-method> <!-- generateReports -->
      </class> <!-- tests.Transfer_between_Accounts_Test -->
    </test> <!-- Default test -->
  </suite> <!-- Default suite -->
</testng-results>
